<?xml version="1.0" encoding="UTF-8"?>
<!-- Generated by org.testng.reporters.JUnitReportReporter -->
<testsuite skipped="0" hostname="shivangi.goyal" name="com.Stepdef.CucumberRunner_Test" tests="1" failures="0" timestamp="19 Mar 2019 06:06:29 GMT" time="134.367" errors="0">
  <testcase name="feature" time="134.367" classname="com.Stepdef.CucumberRunner_Test"/>
</testsuite> <!-- com.Stepdef.CucumberRunner_Test -->
