<?xml version="1.0" encoding="UTF-8"?>
<!-- Generated by org.testng.reporters.JUnitReportReporter -->
<testsuite skipped="0" hostname="shivangi.goyal" name="com.Stepdef.CucumberRunner_Test" tests="1" failures="0" timestamp="12 Mar 2019 04:02:14 GMT" time="44.593" errors="0">
  <testcase name="feature" time="44.593" classname="com.Stepdef.CucumberRunner_Test"/>
</testsuite> <!-- com.Stepdef.CucumberRunner_Test -->
